2025-01-18 03:14:01.794007: 等待MAG准备就绪...
2025-01-18 03:14:04.034218: MAG已就绪，开始INS数据采集
2025-01-18 03:14:04.535748: ins_aq started: 2025-01-18 03:14:04.535675
2025-01-18 03:14:09.649485: 结束记录数据
2025-01-18 03:14:09.649542: ins_aq finished: 2025-01-18 03:14:09.649515
2025-01-18 03:14:09.649575: 结束记录数据
2025-01-18 03:17:36.538958: 等待MAG准备就绪...
2025-01-18 03:17:38.779151: MAG已就绪，开始INS数据采集
2025-01-18 03:17:39.280756: ins_aq started: 2025-01-18 03:17:39.280694
2025-01-18 03:17:43.367255: 结束记录数据
2025-01-18 03:17:43.367309: ins_aq finished: 2025-01-18 03:17:43.367287
2025-01-18 03:17:43.367332: 结束记录数据
2025-01-18 03:19:13.551770: 等待MAG准备就绪...
2025-01-18 03:19:15.791950: MAG已就绪，开始INS数据采集
2025-01-18 03:19:16.293685: ins_aq started: 2025-01-18 03:19:16.293497
2025-01-18 03:19:16.309676: 结束记录数据
2025-01-18 03:19:16.309727: ins_aq finished: 2025-01-18 03:19:16.309696
2025-01-18 03:19:16.309768: 结束记录数据
2025-01-18 03:19:20.712246: 等待MAG准备就绪...
2025-01-18 03:19:22.952423: MAG已就绪，开始INS数据采集
2025-01-18 03:19:23.454008: ins_aq started: 2025-01-18 03:19:23.453908
2025-01-18 03:19:28.844160: 结束记录数据
2025-01-18 03:19:28.844209: ins_aq finished: 2025-01-18 03:19:28.844191
2025-01-18 03:19:28.844231: 结束记录数据
2025-01-18 03:21:26.479475: 等待MAG准备就绪...
2025-01-18 03:21:28.719658: MAG已就绪，开始INS数据采集
2025-01-18 03:21:29.221263: ins_aq started: 2025-01-18 03:21:29.221192
2025-01-18 03:21:38.112740: 结束记录数据
2025-01-18 03:21:38.112801: ins_aq finished: 2025-01-18 03:21:38.112777
2025-01-18 03:21:38.112837: 结束记录数据
2025-01-18 09:02:45.571822: 等待MAG准备就绪...
2025-01-18 09:02:47.812002: MAG已就绪，开始INS数据采集
2025-01-18 09:03:04.051815: 等待MAG准备就绪...
2025-01-18 09:03:06.291967: MAG已就绪，开始INS数据采集
2025-01-18 09:03:20.871302: 等待MAG准备就绪...
2025-01-18 09:03:23.111475: MAG已就绪，开始INS数据采集
2025-01-18 09:03:45.219709: 等待MAG准备就绪...
2025-01-18 09:03:47.459892: MAG已就绪，开始INS数据采集
2025-01-18 09:06:00.006019: 等待MAG准备就绪...
2025-01-18 09:06:02.246203: MAG已就绪，开始INS数据采集
2025-01-18 09:10:44.954661: 等待MAG准备就绪...
2025-01-18 09:10:47.195043: MAG已就绪，开始INS数据采集
2025-01-18 09:10:47.697697: ins_aq started: 2025-01-18 09:10:47.697603
2025-01-18 09:10:57.851900: 结束记录数据
2025-01-18 09:10:57.851947: ins_aq finished: 2025-01-18 09:10:57.851925
2025-01-18 09:10:57.851969: 结束记录数据
2025-01-18 09:12:03.521927: 等待MAG准备就绪...
2025-01-18 09:12:05.762102: MAG已就绪，开始INS数据采集
2025-01-18 09:12:06.263719: ins_aq started: 2025-01-18 09:12:06.263660
2025-01-18 09:12:38.247946: 结束记录数据
2025-01-18 09:12:38.248020: ins_aq finished: 2025-01-18 09:12:38.247982
2025-01-18 09:12:38.248058: 结束记录数据
2025-01-18 09:12:54.853573: 等待MAG准备就绪...
2025-01-18 09:12:57.093730: MAG已就绪，开始INS数据采集
2025-01-18 09:12:57.595239: ins_aq started: 2025-01-18 09:12:57.595176
2025-01-18 09:13:07.562118: 结束记录数据
2025-01-18 09:13:07.562164: ins_aq finished: 2025-01-18 09:13:07.562142
2025-01-18 09:13:07.562196: 结束记录数据
2025-01-18 09:15:43.940947: 等待MAG准备就绪...
2025-01-18 09:15:46.181097: MAG已就绪，开始INS数据采集
2025-01-18 09:15:46.682933: ins_aq started: 2025-01-18 09:15:46.682849
2025-01-18 09:16:05.025258: 结束记录数据
2025-01-18 09:16:05.025298: ins_aq finished: 2025-01-18 09:16:05.025281
2025-01-18 09:16:05.025317: 结束记录数据
2025-01-18 09:16:40.597267: 等待MAG准备就绪...
2025-01-18 09:16:42.837434: MAG已就绪，开始INS数据采集
2025-01-18 09:16:43.339028: ins_aq started: 2025-01-18 09:16:43.338943
2025-01-18 09:17:00.033396: 结束记录数据
2025-01-18 09:17:00.033438: ins_aq finished: 2025-01-18 09:17:00.033420
2025-01-18 09:17:00.033458: 结束记录数据
2025-01-18 09:17:49.661861: 等待MAG准备就绪...
2025-01-18 09:17:51.902256: MAG已就绪，开始INS数据采集
2025-01-18 09:17:52.403845: ins_aq started: 2025-01-18 09:17:52.403755
2025-01-18 09:18:07.268271: 结束记录数据
2025-01-18 09:18:07.268318: ins_aq finished: 2025-01-18 09:18:07.268301
2025-01-18 09:18:07.268338: 结束记录数据
2025-01-18 09:19:37.626177: 等待MAG准备就绪...
2025-01-18 09:19:39.866559: MAG已就绪，开始INS数据采集
2025-01-18 09:19:40.368072: ins_aq started: 2025-01-18 09:19:40.367993
2025-01-18 09:19:45.080956: 结束记录数据
2025-01-18 09:19:45.080997: ins_aq finished: 2025-01-18 09:19:45.080980
2025-01-18 09:19:45.081016: 结束记录数据
2025-01-18 09:22:51.037765: 等待MAG准备就绪...
2025-01-18 09:22:53.277964: MAG已就绪，开始INS数据采集
2025-01-18 09:22:53.779842: ins_aq started: 2025-01-18 09:22:53.779571
2025-01-18 09:23:03.781234: 结束记录数据
2025-01-18 09:23:03.781279: ins_aq finished: 2025-01-18 09:23:03.781260
2025-01-18 09:23:03.781303: 结束记录数据
2025-01-18 09:25:02.154244: 等待MAG准备就绪...
2025-01-18 09:25:04.394445: MAG已就绪，开始INS数据采集
2025-01-18 09:25:04.896797: ins_aq started: 2025-01-18 09:25:04.896723
2025-01-18 09:25:24.514780: 结束记录数据
2025-01-18 09:25:24.514842: ins_aq finished: 2025-01-18 09:25:24.514809
2025-01-18 09:25:24.514870: 结束记录数据
2025-01-18 09:30:17.774887: 等待MAG准备就绪...
2025-01-18 09:30:20.015046: MAG已就绪，开始INS数据采集
2025-01-18 09:30:20.516740: ins_aq started: 2025-01-18 09:30:20.516675
2025-01-18 09:30:23.518634: 结束记录数据
2025-01-18 09:30:23.518695: ins_aq finished: 2025-01-18 09:30:23.518665
2025-01-18 09:30:23.518721: 结束记录数据
