2025-01-18 02:05:01.022014: 等待MAG准备就绪...
2025-01-18 02:05:03.262197: MAG已就绪，开始INS数据采集
2025-01-18 02:05:03.763791: ins_aq started: 2025-01-18 02:05:03.763712
2025-01-18 02:05:10.714995: 结束记录数据
2025-01-18 02:05:10.715037: ins_aq finished: 2025-01-18 02:05:10.715019
2025-01-18 02:05:10.715059: 结束记录数据
2025-01-18 02:09:33.940414: 等待MAG准备就绪...
2025-01-18 02:09:36.180597: MAG已就绪，开始INS数据采集
2025-01-18 02:09:36.682249: ins_aq started: 2025-01-18 02:09:36.682157
2025-01-18 02:09:43.577118: 结束记录数据
2025-01-18 02:09:43.577174: ins_aq finished: 2025-01-18 02:09:43.577149
2025-01-18 02:09:43.577210: 结束记录数据
2025-01-18 02:10:29.375612: 等待MAG准备就绪...
2025-01-18 02:10:31.615789: MAG已就绪，开始INS数据采集
2025-01-18 02:10:32.117452: ins_aq started: 2025-01-18 02:10:32.117374
2025-01-18 02:10:35.768972: 结束记录数据
2025-01-18 02:10:35.769026: ins_aq finished: 2025-01-18 02:10:35.769001
2025-01-18 02:10:35.769072: 结束记录数据
2025-01-18 02:11:34.918201: 等待MAG准备就绪...
2025-01-18 02:11:37.158378: MAG已就绪，开始INS数据采集
2025-01-18 02:11:37.660041: ins_aq started: 2025-01-18 02:11:37.659969
2025-01-18 02:11:39.444224: 结束记录数据
2025-01-18 02:11:39.444270: ins_aq finished: 2025-01-18 02:11:39.444251
2025-01-18 02:11:39.444293: 结束记录数据
2025-01-18 02:13:11.727345: 等待MAG准备就绪...
2025-01-18 02:13:13.967529: MAG已就绪，开始INS数据采集
2025-01-18 02:13:14.469073: ins_aq started: 2025-01-18 02:13:14.468976
2025-01-18 02:13:15.471939: 结束记录数据
2025-01-18 02:13:15.472001: ins_aq finished: 2025-01-18 02:13:15.471968
2025-01-18 02:13:15.472040: 结束记录数据
2025-01-18 02:15:57.895814: 等待MAG准备就绪...
2025-01-18 02:16:00.136013: MAG已就绪，开始INS数据采集
2025-01-18 02:16:00.637662: ins_aq started: 2025-01-18 02:16:00.637587
2025-01-18 02:16:02.223743: 结束记录数据
2025-01-18 02:16:02.223800: ins_aq finished: 2025-01-18 02:16:02.223772
2025-01-18 02:16:02.223824: 结束记录数据
2025-01-18 02:16:41.631119: 等待MAG准备就绪...
2025-01-18 02:16:43.871303: MAG已就绪，开始INS数据采集
2025-01-18 02:16:44.372935: ins_aq started: 2025-01-18 02:16:44.372824
2025-01-18 02:16:46.955066: 结束记录数据
2025-01-18 02:16:46.955110: ins_aq finished: 2025-01-18 02:16:46.955091
2025-01-18 02:16:46.955134: 结束记录数据
2025-01-18 02:17:05.763413: 等待MAG准备就绪...
2025-01-18 02:17:08.003595: MAG已就绪，开始INS数据采集
2025-01-18 02:17:08.505292: ins_aq started: 2025-01-18 02:17:08.505205
2025-01-18 02:17:15.647231: 结束记录数据
2025-01-18 02:17:15.647273: ins_aq finished: 2025-01-18 02:17:15.647256
2025-01-18 02:17:15.647293: 结束记录数据
2025-01-18 02:18:25.581595: 等待MAG准备就绪...
2025-01-18 02:18:27.821772: MAG已就绪，开始INS数据采集
2025-01-18 02:18:28.323324: ins_aq started: 2025-01-18 02:18:28.323256
2025-01-18 02:18:32.545166: 结束记录数据
2025-01-18 02:18:32.545209: ins_aq finished: 2025-01-18 02:18:32.545191
2025-01-18 02:18:32.545229: 结束记录数据
2025-01-18 02:19:16.255441: 等待MAG准备就绪...
2025-01-18 02:19:18.495627: MAG已就绪，开始INS数据采集
2025-01-18 02:19:18.997233: ins_aq started: 2025-01-18 02:19:18.997112
2025-01-18 02:19:20.813862: 结束记录数据
2025-01-18 02:19:20.813904: ins_aq finished: 2025-01-18 02:19:20.813886
2025-01-18 02:19:20.813925: 结束记录数据
2025-01-18 02:20:46.075971: 等待MAG准备就绪...
2025-01-18 02:20:48.316144: MAG已就绪，开始INS数据采集
2025-01-18 02:20:48.817937: ins_aq started: 2025-01-18 02:20:48.817869
2025-01-18 02:20:52.234478: 结束记录数据
2025-01-18 02:20:52.234514: ins_aq finished: 2025-01-18 02:20:52.234500
2025-01-18 02:20:52.234531: 结束记录数据
2025-01-18 02:22:49.347856: 等待MAG准备就绪...
2025-01-18 02:22:51.588022: MAG已就绪，开始INS数据采集
2025-01-18 02:22:52.089467: ins_aq started: 2025-01-18 02:22:52.089389
2025-01-18 02:22:55.622970: 结束记录数据
2025-01-18 02:22:55.623025: ins_aq finished: 2025-01-18 02:22:55.623004
2025-01-18 02:22:55.623048: 结束记录数据
2025-01-18 02:24:32.583251: 等待MAG准备就绪...
2025-01-18 02:24:34.823447: MAG已就绪，开始INS数据采集
2025-01-18 02:24:35.325029: ins_aq started: 2025-01-18 02:24:35.324934
2025-01-18 02:24:40.361287: 结束记录数据
2025-01-18 02:24:40.361344: ins_aq finished: 2025-01-18 02:24:40.361318
2025-01-18 02:24:40.361374: 结束记录数据
2025-01-18 02:26:01.370578: 等待MAG准备就绪...
2025-01-18 02:26:03.610763: MAG已就绪，开始INS数据采集
2025-01-18 02:26:04.112260: ins_aq started: 2025-01-18 02:26:04.112196
2025-01-18 02:26:08.295901: 结束记录数据
2025-01-18 02:26:08.295942: ins_aq finished: 2025-01-18 02:26:08.295925
2025-01-18 02:26:08.295966: 结束记录数据
2025-01-18 02:27:01.275985: 等待MAG准备就绪...
2025-01-18 02:27:03.516192: MAG已就绪，开始INS数据采集
2025-01-18 02:27:04.017752: ins_aq started: 2025-01-18 02:27:04.017662
2025-01-18 02:27:06.546439: 结束记录数据
2025-01-18 02:27:06.546488: ins_aq finished: 2025-01-18 02:27:06.546463
2025-01-18 02:27:06.546525: 结束记录数据
2025-01-18 02:28:25.374206: 等待MAG准备就绪...
2025-01-18 02:28:27.614384: MAG已就绪，开始INS数据采集
2025-01-18 02:28:28.115886: ins_aq started: 2025-01-18 02:28:28.115824
2025-01-18 02:28:30.785422: 结束记录数据
2025-01-18 02:28:30.785476: ins_aq finished: 2025-01-18 02:28:30.785452
2025-01-18 02:28:30.785509: 结束记录数据
2025-01-18 02:30:02.030932: 等待MAG准备就绪...
2025-01-18 02:30:04.271090: MAG已就绪，开始INS数据采集
2025-01-18 02:30:04.772592: ins_aq started: 2025-01-18 02:30:04.772474
2025-01-18 02:30:10.299943: 结束记录数据
2025-01-18 02:30:10.299986: ins_aq finished: 2025-01-18 02:30:10.299968
2025-01-18 02:30:10.300019: 结束记录数据
2025-01-18 02:31:34.834923: 等待MAG准备就绪...
2025-01-18 02:31:37.075086: MAG已就绪，开始INS数据采集
2025-01-18 02:31:37.576775: ins_aq started: 2025-01-18 02:31:37.576686
2025-01-18 02:31:47.578244: 结束记录数据
2025-01-18 02:31:47.578303: ins_aq finished: 2025-01-18 02:31:47.578276
2025-01-18 02:31:47.578341: 结束记录数据
2025-01-18 03:00:44.886450: 等待MAG准备就绪...
2025-01-18 03:00:47.126647: MAG已就绪，开始INS数据采集
2025-01-18 03:00:47.628684: ins_aq started: 2025-01-18 03:00:47.628604
2025-01-18 03:00:48.635452: 结束记录数据
2025-01-18 03:00:48.635498: ins_aq finished: 2025-01-18 03:00:48.635481
2025-01-18 03:00:48.635519: 结束记录数据
2025-01-18 03:01:03.463371: 等待MAG准备就绪...
2025-01-18 03:01:05.703573: MAG已就绪，开始INS数据采集
2025-01-18 03:01:06.205122: ins_aq started: 2025-01-18 03:01:06.205022
2025-01-18 03:01:10.141331: 结束记录数据
2025-01-18 03:01:10.141396: ins_aq finished: 2025-01-18 03:01:10.141363
2025-01-18 03:01:10.141440: 结束记录数据
2025-01-18 03:02:56.055732: 等待MAG准备就绪...
2025-01-18 03:02:58.295914: MAG已就绪，开始INS数据采集
2025-01-18 03:02:58.797504: ins_aq started: 2025-01-18 03:02:58.797397
2025-01-18 03:03:04.368459: 结束记录数据
2025-01-18 03:03:04.368518: ins_aq finished: 2025-01-18 03:03:04.368493
2025-01-18 03:03:04.368562: 结束记录数据
2025-01-18 03:04:27.297331: 等待MAG准备就绪...
2025-01-18 03:04:29.537520: MAG已就绪，开始INS数据采集
2025-01-18 03:04:30.039594: ins_aq started: 2025-01-18 03:04:30.039530
2025-01-18 03:04:33.172288: 结束记录数据
2025-01-18 03:04:33.172330: ins_aq finished: 2025-01-18 03:04:33.172313
2025-01-18 03:04:33.172351: 结束记录数据
2025-01-18 10:40:06.757109: 等待MAG准备就绪...
2025-01-18 10:40:08.997276: MAG已就绪，开始INS数据采集
2025-01-18 10:40:20.929343: 等待MAG准备就绪...
2025-01-18 10:40:23.169540: MAG已就绪，开始INS数据采集
2025-01-18 10:41:53.398211: 等待MAG准备就绪...
2025-01-18 10:41:55.638406: MAG已就绪，开始INS数据采集
2025-01-18 10:42:31.706733: 等待MAG准备就绪...
2025-01-18 10:42:33.946914: MAG已就绪，开始INS数据采集
2025-01-18 10:42:34.448766: ins_aq started: 2025-01-18 10:42:34.448700
2025-01-18 10:42:37.562927: 结束记录数据
2025-01-18 10:42:37.562972: ins_aq finished: 2025-01-18 10:42:37.562950
2025-01-18 10:42:37.562996: 结束记录数据
2025-01-18 10:43:54.338333: 等待MAG准备就绪...
2025-01-18 10:43:56.578500: MAG已就绪，开始INS数据采集
2025-01-18 10:43:57.080221: ins_aq started: 2025-01-18 10:43:57.080116
2025-01-18 10:44:01.352492: 结束记录数据
2025-01-18 10:44:01.352533: ins_aq finished: 2025-01-18 10:44:01.352513
2025-01-18 10:44:01.352554: 结束记录数据
2025-01-18 13:02:54.823313: 等待MAG准备就绪...
2025-01-18 13:02:57.063470: MAG已就绪，开始INS数据采集
2025-01-18 13:02:57.565274: ins_aq started: 2025-01-18 13:02:57.565196
2025-01-18 13:03:02.451733: 结束记录数据
2025-01-18 13:03:02.451784: ins_aq finished: 2025-01-18 13:03:02.451760
2025-01-18 13:03:02.451811: 结束记录数据
2025-01-19 20:17:05.985639: 等待MAG准备就绪...
2025-01-19 20:17:08.226049: MAG已就绪，开始INS数据采集
2025-01-19 20:17:08.727501: ins_aq started: 2025-01-19 20:17:08.727419
2025-01-19 20:17:18.729075: 结束记录数据
2025-01-19 20:17:18.729129: ins_aq finished: 2025-01-19 20:17:18.729103
2025-01-19 20:17:18.729172: 结束记录数据
2025-01-19 20:17:53.462400: 等待MAG准备就绪...
2025-01-19 20:17:55.702587: MAG已就绪，开始INS数据采集
2025-01-19 20:17:56.204072: ins_aq started: 2025-01-19 20:17:56.204001
2025-01-19 20:18:06.205579: 结束记录数据
2025-01-19 20:18:06.205642: ins_aq finished: 2025-01-19 20:18:06.205613
2025-01-19 20:18:06.205665: 结束记录数据
2025-01-19 20:18:59.317396: 等待MAG准备就绪...
2025-01-19 20:19:01.557562: MAG已就绪，开始INS数据采集
2025-01-19 20:19:02.059083: ins_aq started: 2025-01-19 20:19:02.058990
2025-01-19 20:19:12.060651: 结束记录数据
2025-01-19 20:19:12.060689: ins_aq finished: 2025-01-19 20:19:12.060673
2025-01-19 20:19:12.060706: 结束记录数据
2025-01-19 20:31:45.364988: 等待MAG准备就绪...
2025-01-19 20:31:47.605175: MAG已就绪，开始INS数据采集
2025-01-19 20:31:48.106751: ins_aq started: 2025-01-19 20:31:48.106654
2025-01-19 20:32:12.256838: 结束记录数据
2025-01-19 20:32:12.256876: ins_aq finished: 2025-01-19 20:32:12.256859
2025-01-19 20:32:12.256895: 结束记录数据
2025-01-26 14:27:15.546953: 等待MAG准备就绪...
2025-01-26 14:27:17.787128: MAG已就绪，开始INS数据采集
2025-01-26 14:27:18.289103: ins_aq started: 2025-01-26 14:27:18.289022
2025-01-26 14:27:19.290638: 结束记录数据
2025-01-26 14:27:19.290691: ins_aq finished: 2025-01-26 14:27:19.290668
2025-01-26 14:27:19.290720: 结束记录数据
2025-01-26 19:11:27.486254: 等待MAG准备就绪...
2025-01-26 19:11:29.731647: MAG已就绪，开始INS数据采集
2025-01-26 19:11:30.233653: ins_aq started: 2025-01-26 19:11:30.233587
2025-01-26 19:11:31.235292: 结束记录数据
2025-01-26 19:11:31.235356: ins_aq finished: 2025-01-26 19:11:31.235323
2025-01-26 19:11:31.235405: 结束记录数据
2025-01-26 19:26:26.780551: 等待MAG准备就绪...
2025-01-26 19:26:29.020748: MAG已就绪，开始INS数据采集
2025-01-26 19:26:29.522269: ins_aq started: 2025-01-26 19:26:29.522204
2025-01-26 19:26:30.523922: 结束记录数据
2025-01-26 19:26:30.523968: ins_aq finished: 2025-01-26 19:26:30.523941
2025-01-26 19:26:30.523996: 结束记录数据
